#
# There is insufficient memory for the Java Runtime Environment to continue.
# Native memory allocation (mmap) failed to map 65536 bytes for Failed to commit metaspace.
# Possible reasons:
#   The system is out of physical RAM or swap space
#   The process is running with CompressedOops enabled, and the Java Heap may be blocking the growth of the native heap
# Possible solutions:
#   Reduce memory load on the system
#   Increase physical memory or swap space
#   Check if swap backing store is full
#   Decrease Java heap size (-Xmx/-Xms)
#   Decrease number of Java threads
#   Decrease Java thread stack sizes (-Xss)
#   Set larger code cache with -XX:ReservedCodeCacheSize=
#   JVM is running with Zero Based Compressed Oops mode in which the Java heap is
#     placed in the first 32GB address space. The Java Heap base address is the
#     maximum limit for the native heap growth. Please use -XX:HeapBaseMinAddress
#     to set the Java Heap base and to place the Java Heap above 32GB virtual address.
# This output file may be truncated or incomplete.
#
#  Out of Memory Error (virtualSpaceNode.cpp:110), pid=1352, tid=8872
#
# JRE version: Java(TM) SE Runtime Environment (17.0.5+9) (build 17.0.5+9-LTS-191)
# Java VM: Java HotSpot(TM) 64-Bit Server VM (17.0.5+9-LTS-191, mixed mode, emulated-client, sharing, tiered, compressed oops, compressed class ptrs, g1 gc, windows-amd64)
# No core dump will be written. Minidumps are not enabled by default on client versions of Windows
#

---------------  S U M M A R Y ------------

Command Line: -XX:TieredStopAtLevel=1 -Dspring.output.ansi.enabled=always -Dcom.sun.management.jmxremote -Dspring.jmx.enabled=true -Dspring.liveBeansView.mbeanDomain -Dspring.application.admin.enabled=true -Dmanagement.endpoints.jmx.exposure.include=* -javaagent:C:\Program Files\JetBrains\IntelliJ IDEA 2023.1\lib\idea_rt.jar=60603:C:\Program Files\JetBrains\IntelliJ IDEA 2023.1\bin -Dfile.encoding=windows-1251 web.TspApplication

Host: Intel(R) Core(TM) i5-8250U CPU @ 1.60GHz, 8 cores, 11G,  Windows 10 , 64 bit Build 17763 (10.0.17763.4974)
Time: Sun Jan 21 20:00:00 2024 FLE Standard Time elapsed time: 3.380895 seconds (0d 0h 0m 3s)

---------------  T H R E A D  ---------------

Current thread (0x00000186bc1aeb50):  JavaThread "main" [_thread_in_vm, id=8872, stack(0x0000006d2d000000,0x0000006d2d100000)]

Stack: [0x0000006d2d000000,0x0000006d2d100000]
Native frames: (J=compiled Java code, j=interpreted, Vv=VM code, C=native code)
V  [jvm.dll+0x672eea]
V  [jvm.dll+0x7d2a04]
V  [jvm.dll+0x7d41ae]
V  [jvm.dll+0x7d4813]
V  [jvm.dll+0x242c15]
V  [jvm.dll+0x7ce9ab]
V  [jvm.dll+0x618bb6]
V  [jvm.dll+0x1be37e]
V  [jvm.dll+0x61b4f1]
V  [jvm.dll+0x619556]
V  [jvm.dll+0x6553fb]
V  [jvm.dll+0x368175]
V  [jvm.dll+0x74e148]
V  [jvm.dll+0x74e008]
V  [jvm.dll+0x6ee541]
V  [jvm.dll+0x6ba927]
V  [jvm.dll+0x6bc238]
V  [jvm.dll+0x4087fa]
V  [jvm.dll+0x413d9d]
C  0x00000186c521d0a8

Java frames: (J=compiled Java code, j=interpreted, Vv=VM code)
j  java.lang.Class.getDeclaredMethods0(Z)[Ljava/lang/reflect/Method;+0 java.base@17.0.5
J 1399 c1 java.lang.Class.privateGetDeclaredMethods(Z)[Ljava/lang/reflect/Method; java.base@17.0.5 (64 bytes) @ 0x00000186c56426a4 [0x00000186c5642600+0x00000000000000a4]
J 2227 c1 java.lang.Class.getMethodsRecursive(Ljava/lang/String;[Ljava/lang/Class;Z)Ljava/lang/PublicMethods$MethodList; java.base@17.0.5 (99 bytes) @ 0x00000186c578e954 [0x00000186c578e900+0x0000000000000054]
j  java.lang.Class.getMethod0(Ljava/lang/String;[Ljava/lang/Class;)Ljava/lang/reflect/Method;+14 java.base@17.0.5
j  java.lang.Class.getMethod(Ljava/lang/String;[Ljava/lang/Class;)Ljava/lang/reflect/Method;+26 java.base@17.0.5
J 2080 c1 java.lang.Class.getEnumConstantsShared()[Ljava/lang/Object; java.base@17.0.5 (71 bytes) @ 0x00000186c575004c [0x00000186c574fee0+0x000000000000016c]
j  java.lang.Class.enumConstantDirectory()Ljava/util/Map;+10 java.base@17.0.5
j  java.lang.Enum.valueOf(Ljava/lang/Class;Ljava/lang/String;)Ljava/lang/Enum;+1 java.base@17.0.5
j  org.springframework.core.type.classreading.MergedAnnotationReadingVisitor.visitEnum(Ljava/lang/String;Ljava/lang/String;Ljava/util/function/Consumer;)V+24
j  org.springframework.core.type.classreading.MergedAnnotationReadingVisitor.visitEnum(Ljava/lang/String;Ljava/lang/String;Ljava/lang/String;)V+10
j  org.springframework.asm.ClassReader.readElementValue(Lorg/springframework/asm/AnnotationVisitor;ILjava/lang/String;[C)I+514
j  org.springframework.asm.ClassReader.readElementValues(Lorg/springframework/asm/AnnotationVisitor;IZ[C)I+46
j  org.springframework.asm.ClassReader.accept(Lorg/springframework/asm/ClassVisitor;[Lorg/springframework/asm/Attribute;I)V+866
j  org.springframework.asm.ClassReader.accept(Lorg/springframework/asm/ClassVisitor;I)V+7
j  org.springframework.core.type.classreading.SimpleMetadataReader.<init>(Lorg/springframework/core/io/Resource;Ljava/lang/ClassLoader;)V+20
j  org.springframework.core.type.classreading.SimpleMetadataReaderFactory.getMetadataReader(Lorg/springframework/core/io/Resource;)Lorg/springframework/core/type/classreading/MetadataReader;+14
j  org.springframework.boot.type.classreading.ConcurrentReferenceCachingMetadataReaderFactory.createMetadataReader(Lorg/springframework/core/io/Resource;)Lorg/springframework/core/type/classreading/MetadataReader;+2
j  org.springframework.boot.type.classreading.ConcurrentReferenceCachingMetadataReaderFactory.getMetadataReader(Lorg/springframework/core/io/Resource;)Lorg/springframework/core/type/classreading/MetadataReader;+20
j  org.springframework.core.type.classreading.SimpleMetadataReaderFactory.getMetadataReader(Ljava/lang/String;)Lorg/springframework/core/type/classreading/MetadataReader;+23
j  org.springframework.context.annotation.ConfigurationClassParser.asSourceClass(Ljava/lang/String;Ljava/util/function/Predicate;)Lorg/springframework/context/annotation/ConfigurationClassParser$SourceClass;+77
j  org.springframework.context.annotation.ConfigurationClassParser$DeferredImportSelectorGroupingHandler.lambda$processGroupImports$1(Ljava/util/function/Predicate;Lorg/springframework/context/annotation/DeferredImportSelector$Group$Entry;)V+40
j  org.springframework.context.annotation.ConfigurationClassParser$DeferredImportSelectorGroupingHandler$$Lambda$397+0x0000000800e6ee28.accept(Ljava/lang/Object;)V+12
j  java.lang.Iterable.forEach(Ljava/util/function/Consumer;)V+30 java.base@17.0.5
j  org.springframework.context.annotation.ConfigurationClassParser$DeferredImportSelectorGroupingHandler.processGroupImports()V+50
j  org.springframework.context.annotation.ConfigurationClassParser$DeferredImportSelectorHandler.process()V+53
j  org.springframework.context.annotation.ConfigurationClassParser.parse(Ljava/util/Set;)V+158
j  org.springframework.context.annotation.ConfigurationClassPostProcessor.processConfigBeanDefinitions(Lorg/springframework/beans/factory/support/BeanDefinitionRegistry;)V+301
j  org.springframework.context.annotation.ConfigurationClassPostProcessor.postProcessBeanDefinitionRegistry(Lorg/springframework/beans/factory/support/BeanDefinitionRegistry;)V+81
j  org.springframework.context.support.PostProcessorRegistrationDelegate.invokeBeanDefinitionRegistryPostProcessors(Ljava/util/Collection;Lorg/springframework/beans/factory/support/BeanDefinitionRegistry;Lorg/springframework/core/metrics/ApplicationStartup;)V+59
j  org.springframework.context.support.PostProcessorRegistrationDelegate.invokeBeanFactoryPostProcessors(Lorg/springframework/beans/factory/config/ConfigurableListableBeanFactory;Ljava/util/List;)V+238
j  org.springframework.context.support.AbstractApplicationContext.invokeBeanFactoryPostProcessors(Lorg/springframework/beans/factory/config/ConfigurableListableBeanFactory;)V+5
j  org.springframework.context.support.AbstractApplicationContext.refresh()V+53
j  org.springframework.boot.web.servlet.context.ServletWebServerApplicationContext.refresh()V+1
j  org.springframework.boot.SpringApplication.refresh(Lorg/springframework/context/ConfigurableApplicationContext;)V+1
j  org.springframework.boot.SpringApplication.refreshContext(Lorg/springframework/context/ConfigurableApplicationContext;)V+16
j  org.springframework.boot.SpringApplication.run([Ljava/lang/String;)Lorg/springframework/context/ConfigurableApplicationContext;+114
j  org.springframework.boot.SpringApplication.run([Ljava/lang/Class;[Ljava/lang/String;)Lorg/springframework/context/ConfigurableApplicationContext;+9
j  org.springframework.boot.SpringApplication.run(Ljava/lang/Class;[Ljava/lang/String;)Lorg/springframework/context/ConfigurableApplicationContext;+9
j  web.TspApplication.main([Ljava/lang/String;)V+3
v  ~StubRoutines::call_stub

---------------  P R O C E S S  ---------------

Threads class SMR info:
_java_thread_list=0x00000186d4cdc450, length=17, elements={
0x00000186bc1aeb50, 0x00000186d26d0930, 0x00000186d26d16b0, 0x00000186d26e5fa0,
0x00000186d26e7680, 0x00000186d26ea050, 0x00000186d26ec920, 0x00000186d26f1af0,
0x00000186d26f23f0, 0x00000186d30d8980, 0x00000186d26bae00, 0x00000186d3345f90,
0x00000186d3347da0, 0x00000186d37bbab0, 0x00000186d37d2a20, 0x00000186d3c45650,
0x00000186d3c32230
}

Java Threads: ( => current thread )
=>0x00000186bc1aeb50 JavaThread "main" [_thread_in_vm, id=8872, stack(0x0000006d2d000000,0x0000006d2d100000)]
  0x00000186d26d0930 JavaThread "Reference Handler" daemon [_thread_blocked, id=2100, stack(0x0000006d2d700000,0x0000006d2d800000)]
  0x00000186d26d16b0 JavaThread "Finalizer" daemon [_thread_blocked, id=14616, stack(0x0000006d2d800000,0x0000006d2d900000)]
  0x00000186d26e5fa0 JavaThread "Signal Dispatcher" daemon [_thread_blocked, id=15256, stack(0x0000006d2d900000,0x0000006d2da00000)]
  0x00000186d26e7680 JavaThread "Attach Listener" daemon [_thread_blocked, id=11452, stack(0x0000006d2da00000,0x0000006d2db00000)]
  0x00000186d26ea050 JavaThread "Service Thread" daemon [_thread_blocked, id=14988, stack(0x0000006d2db00000,0x0000006d2dc00000)]
  0x00000186d26ec920 JavaThread "Monitor Deflation Thread" daemon [_thread_blocked, id=12648, stack(0x0000006d2dc00000,0x0000006d2dd00000)]
  0x00000186d26f1af0 JavaThread "C1 CompilerThread0" daemon [_thread_blocked, id=7172, stack(0x0000006d2dd00000,0x0000006d2de00000)]
  0x00000186d26f23f0 JavaThread "Sweeper thread" daemon [_thread_blocked, id=12476, stack(0x0000006d2de00000,0x0000006d2df00000)]
  0x00000186d30d8980 JavaThread "Common-Cleaner" daemon [_thread_blocked, id=8968, stack(0x0000006d2df00000,0x0000006d2e000000)]
  0x00000186d26bae00 JavaThread "C1 CompilerThread1" daemon [_thread_blocked, id=11732, stack(0x0000006d2e000000,0x0000006d2e100000)]
  0x00000186d3345f90 JavaThread "Monitor Ctrl-Break" daemon [_thread_in_native, id=7288, stack(0x0000006d2e100000,0x0000006d2e200000)]
  0x00000186d3347da0 JavaThread "Notification Thread" daemon [_thread_blocked, id=8688, stack(0x0000006d2e200000,0x0000006d2e300000)]
  0x00000186d37bbab0 JavaThread "C1 CompilerThread2" daemon [_thread_blocked, id=572, stack(0x0000006d2e300000,0x0000006d2e400000)]
  0x00000186d37d2a20 JavaThread "RMI TCP Accept-0" daemon [_thread_in_native, id=6428, stack(0x0000006d2e400000,0x0000006d2e500000)]
  0x00000186d3c45650 JavaThread "RMI TCP Connection(1)-192.168.0.103" daemon [_thread_in_native, id=2372, stack(0x0000006d2ed00000,0x0000006d2ee00000)]
  0x00000186d3c32230 JavaThread "RMI Scheduler(0)" daemon [_thread_blocked, id=12172, stack(0x0000006d2ee00000,0x0000006d2ef00000)]

Other Threads:
  0x00000186d26cba20 VMThread "VM Thread" [stack: 0x0000006d2d600000,0x0000006d2d700000] [id=13740]
  0x00000186bc2183c0 WatcherThread [stack: 0x0000006d2e500000,0x0000006d2e600000] [id=12088]
  0x00000186bc206d00 GCTaskThread "GC Thread#0" [stack: 0x0000006d2d100000,0x0000006d2d200000] [id=2968]
  0x00000186d3beb340 GCTaskThread "GC Thread#1" [stack: 0x0000006d2e600000,0x0000006d2e700000] [id=9464]
  0x00000186d3bf6a10 GCTaskThread "GC Thread#2" [stack: 0x0000006d2e700000,0x0000006d2e800000] [id=8788]
  0x00000186d3bf6cc0 GCTaskThread "GC Thread#3" [stack: 0x0000006d2e800000,0x0000006d2e900000] [id=10668]
  0x00000186d3c1c0a0 GCTaskThread "GC Thread#4" [stack: 0x0000006d2e900000,0x0000006d2ea00000] [id=7696]
  0x00000186d3c1c350 GCTaskThread "GC Thread#5" [stack: 0x0000006d2ea00000,0x0000006d2eb00000] [id=10200]
  0x00000186d3c1c600 GCTaskThread "GC Thread#6" [stack: 0x0000006d2eb00000,0x0000006d2ec00000] [id=10816]
  0x00000186d3c1c8b0 GCTaskThread "GC Thread#7" [stack: 0x0000006d2ec00000,0x0000006d2ed00000] [id=1344]
  0x00000186bc20fe60 ConcurrentGCThread "G1 Main Marker" [stack: 0x0000006d2d200000,0x0000006d2d300000] [id=12484]
  0x00000186bc2110e0 ConcurrentGCThread "G1 Conc#0" [stack: 0x0000006d2d300000,0x0000006d2d400000] [id=10496]
  0x00000186bc26e170 ConcurrentGCThread "G1 Refine#0" [stack: 0x0000006d2d400000,0x0000006d2d500000] [id=544]
  0x00000186bc26eaa0 ConcurrentGCThread "G1 Service" [stack: 0x0000006d2d500000,0x0000006d2d600000] [id=13116]

Threads with active compile tasks:

VM state: not at safepoint (normal execution)

VM Mutex/Monitor currently owned by a thread:  ([mutex/lock_event])
[0x00000186bc1aa860] Metaspace_lock - owner thread: 0x00000186bc1aeb50
[0x00000186bc1abea0] MultiArray_lock - owner thread: 0x00000186bc1aeb50

Heap address: 0x0000000741e00000, size: 3042 MB, Compressed Oops mode: Zero based, Oop shift amount: 3

CDS archive(s) mapped at: [0x0000000800000000-0x0000000800bd0000-0x0000000800bd0000), size 12386304, SharedBaseAddress: 0x0000000800000000, ArchiveRelocationMode: 0.
Compressed class space mapped at: 0x0000000800c00000-0x0000000840c00000, reserved size: 1073741824
Narrow klass base: 0x0000000800000000, Narrow klass shift: 0, Narrow klass range: 0x100000000

GC Precious Log:
 CPUs: 8 total, 8 available
 Memory: 12166M
 Large Page Support: Disabled
 NUMA Support: Disabled
 Compressed Oops: Enabled (Zero based)
 Heap Region Size: 2M
 Heap Min Capacity: 8M
 Heap Initial Capacity: 192M
 Heap Max Capacity: 3042M
 Pre-touch: Disabled
 Parallel Workers: 8
 Concurrent Workers: 2
 Concurrent Refinement Workers: 8
 Periodic GC: Disabled

Heap:
 garbage-first heap   total 196608K, used 28184K [0x0000000741e00000, 0x0000000800000000)
  region size 2048K, 13 young (26624K), 2 survivors (4096K)
 Metaspace       used 17690K, committed 17984K, reserved 1064960K
  class space    used 2359K, committed 2496K, reserved 1048576K

Heap Regions: E=young(eden), S=young(survivor), O=old, HS=humongous(starts), HC=humongous(continues), CS=collection set, F=free, OA=open archive, CA=closed archive, TAMS=top-at-mark-start (previous, next)
|   0|0x0000000741e00000, 0x0000000742000000, 0x0000000742000000|100%| O|  |TAMS 0x0000000741e00000, 0x0000000741e00000| Untracked 
|   1|0x0000000742000000, 0x0000000742200000, 0x0000000742200000|100%| O|  |TAMS 0x0000000742000000, 0x0000000742000000| Untracked 
|   2|0x0000000742200000, 0x00000007422ece00, 0x0000000742400000| 46%| O|  |TAMS 0x0000000742200000, 0x0000000742200000| Untracked 
|   3|0x0000000742400000, 0x0000000742400000, 0x0000000742600000|  0%| F|  |TAMS 0x0000000742400000, 0x0000000742400000| Untracked 
|   4|0x0000000742600000, 0x0000000742600000, 0x0000000742800000|  0%| F|  |TAMS 0x0000000742600000, 0x0000000742600000| Untracked 
|   5|0x0000000742800000, 0x0000000742800000, 0x0000000742a00000|  0%| F|  |TAMS 0x0000000742800000, 0x0000000742800000| Untracked 
|   6|0x0000000742a00000, 0x0000000742a00000, 0x0000000742c00000|  0%| F|  |TAMS 0x0000000742a00000, 0x0000000742a00000| Untracked 
|   7|0x0000000742c00000, 0x0000000742c00000, 0x0000000742e00000|  0%| F|  |TAMS 0x0000000742c00000, 0x0000000742c00000| Untracked 
|   8|0x0000000742e00000, 0x0000000742e00000, 0x0000000743000000|  0%| F|  |TAMS 0x0000000742e00000, 0x0000000742e00000| Untracked 
|   9|0x0000000743000000, 0x0000000743000000, 0x0000000743200000|  0%| F|  |TAMS 0x0000000743000000, 0x0000000743000000| Untracked 
|  10|0x0000000743200000, 0x0000000743200000, 0x0000000743400000|  0%| F|  |TAMS 0x0000000743200000, 0x0000000743200000| Untracked 
|  11|0x0000000743400000, 0x0000000743400000, 0x0000000743600000|  0%| F|  |TAMS 0x0000000743400000, 0x0000000743400000| Untracked 
|  12|0x0000000743600000, 0x0000000743600000, 0x0000000743800000|  0%| F|  |TAMS 0x0000000743600000, 0x0000000743600000| Untracked 
|  13|0x0000000743800000, 0x0000000743800000, 0x0000000743a00000|  0%| F|  |TAMS 0x0000000743800000, 0x0000000743800000| Untracked 
|  14|0x0000000743a00000, 0x0000000743a00000, 0x0000000743c00000|  0%| F|  |TAMS 0x0000000743a00000, 0x0000000743a00000| Untracked 
|  15|0x0000000743c00000, 0x0000000743c00000, 0x0000000743e00000|  0%| F|  |TAMS 0x0000000743c00000, 0x0000000743c00000| Untracked 
|  16|0x0000000743e00000, 0x0000000743e00000, 0x0000000744000000|  0%| F|  |TAMS 0x0000000743e00000, 0x0000000743e00000| Untracked 
|  17|0x0000000744000000, 0x0000000744000000, 0x0000000744200000|  0%| F|  |TAMS 0x0000000744000000, 0x0000000744000000| Untracked 
|  18|0x0000000744200000, 0x0000000744200000, 0x0000000744400000|  0%| F|  |TAMS 0x0000000744200000, 0x0000000744200000| Untracked 
|  19|0x0000000744400000, 0x0000000744400000, 0x0000000744600000|  0%| F|  |TAMS 0x0000000744400000, 0x0000000744400000| Untracked 
|  20|0x0000000744600000, 0x0000000744600000, 0x0000000744800000|  0%| F|  |TAMS 0x0000000744600000, 0x0000000744600000| Untracked 
|  21|0x0000000744800000, 0x0000000744800000, 0x0000000744a00000|  0%| F|  |TAMS 0x0000000744800000, 0x0000000744800000| Untracked 
|  22|0x0000000744a00000, 0x0000000744a00000, 0x0000000744c00000|  0%| F|  |TAMS 0x0000000744a00000, 0x0000000744a00000| Untracked 
|  23|0x0000000744c00000, 0x0000000744c00000, 0x0000000744e00000|  0%| F|  |TAMS 0x0000000744c00000, 0x0000000744c00000| Untracked 
|  24|0x0000000744e00000, 0x0000000744e00000, 0x0000000745000000|  0%| F|  |TAMS 0x0000000744e00000, 0x0000000744e00000| Untracked 
|  25|0x0000000745000000, 0x0000000745000000, 0x0000000745200000|  0%| F|  |TAMS 0x0000000745000000, 0x0000000745000000| Untracked 
|  26|0x0000000745200000, 0x0000000745200000, 0x0000000745400000|  0%| F|  |TAMS 0x0000000745200000, 0x0000000745200000| Untracked 
|  27|0x0000000745400000, 0x0000000745400000, 0x0000000745600000|  0%| F|  |TAMS 0x0000000745400000, 0x0000000745400000| Untracked 
|  28|0x0000000745600000, 0x0000000745600000, 0x0000000745800000|  0%| F|  |TAMS 0x0000000745600000, 0x0000000745600000| Untracked 
|  29|0x0000000745800000, 0x0000000745800000, 0x0000000745a00000|  0%| F|  |TAMS 0x0000000745800000, 0x0000000745800000| Untracked 
|  30|0x0000000745a00000, 0x0000000745a00000, 0x0000000745c00000|  0%| F|  |TAMS 0x0000000745a00000, 0x0000000745a00000| Untracked 
|  31|0x0000000745c00000, 0x0000000745c00000, 0x0000000745e00000|  0%| F|  |TAMS 0x0000000745c00000, 0x0000000745c00000| Untracked 
|  32|0x0000000745e00000, 0x0000000745e00000, 0x0000000746000000|  0%| F|  |TAMS 0x0000000745e00000, 0x0000000745e00000| Untracked 
|  33|0x0000000746000000, 0x0000000746000000, 0x0000000746200000|  0%| F|  |TAMS 0x0000000746000000, 0x0000000746000000| Untracked 
|  34|0x0000000746200000, 0x0000000746200000, 0x0000000746400000|  0%| F|  |TAMS 0x0000000746200000, 0x0000000746200000| Untracked 
|  35|0x0000000746400000, 0x0000000746400000, 0x0000000746600000|  0%| F|  |TAMS 0x0000000746400000, 0x0000000746400000| Untracked 
|  36|0x0000000746600000, 0x0000000746600000, 0x0000000746800000|  0%| F|  |TAMS 0x0000000746600000, 0x0000000746600000| Untracked 
|  37|0x0000000746800000, 0x0000000746800000, 0x0000000746a00000|  0%| F|  |TAMS 0x0000000746800000, 0x0000000746800000| Untracked 
|  38|0x0000000746a00000, 0x0000000746a00000, 0x0000000746c00000|  0%| F|  |TAMS 0x0000000746a00000, 0x0000000746a00000| Untracked 
|  39|0x0000000746c00000, 0x0000000746c00000, 0x0000000746e00000|  0%| F|  |TAMS 0x0000000746c00000, 0x0000000746c00000| Untracked 
|  40|0x0000000746e00000, 0x0000000746e00000, 0x0000000747000000|  0%| F|  |TAMS 0x0000000746e00000, 0x0000000746e00000| Untracked 
|  41|0x0000000747000000, 0x0000000747000000, 0x0000000747200000|  0%| F|  |TAMS 0x0000000747000000, 0x0000000747000000| Untracked 
|  42|0x0000000747200000, 0x0000000747200000, 0x0000000747400000|  0%| F|  |TAMS 0x0000000747200000, 0x0000000747200000| Untracked 
|  43|0x0000000747400000, 0x0000000747400000, 0x0000000747600000|  0%| F|  |TAMS 0x0000000747400000, 0x0000000747400000| Untracked 
|  44|0x0000000747600000, 0x0000000747600000, 0x0000000747800000|  0%| F|  |TAMS 0x0000000747600000, 0x0000000747600000| Untracked 
|  45|0x0000000747800000, 0x0000000747800000, 0x0000000747a00000|  0%| F|  |TAMS 0x0000000747800000, 0x0000000747800000| Untracked 
|  46|0x0000000747a00000, 0x0000000747a00000, 0x0000000747c00000|  0%| F|  |TAMS 0x0000000747a00000, 0x0000000747a00000| Untracked 
|  47|0x0000000747c00000, 0x0000000747c00000, 0x0000000747e00000|  0%| F|  |TAMS 0x0000000747c00000, 0x0000000747c00000| Untracked 
|  48|0x0000000747e00000, 0x0000000747e00000, 0x0000000748000000|  0%| F|  |TAMS 0x0000000747e00000, 0x0000000747e00000| Untracked 
|  49|0x0000000748000000, 0x0000000748000000, 0x0000000748200000|  0%| F|  |TAMS 0x0000000748000000, 0x0000000748000000| Untracked 
|  50|0x0000000748200000, 0x0000000748200000, 0x0000000748400000|  0%| F|  |TAMS 0x0000000748200000, 0x0000000748200000| Untracked 
|  51|0x0000000748400000, 0x0000000748400000, 0x0000000748600000|  0%| F|  |TAMS 0x0000000748400000, 0x0000000748400000| Untracked 
|  52|0x0000000748600000, 0x0000000748600000, 0x0000000748800000|  0%| F|  |TAMS 0x0000000748600000, 0x0000000748600000| Untracked 
|  53|0x0000000748800000, 0x0000000748800000, 0x0000000748a00000|  0%| F|  |TAMS 0x0000000748800000, 0x0000000748800000| Untracked 
|  54|0x0000000748a00000, 0x0000000748a00000, 0x0000000748c00000|  0%| F|  |TAMS 0x0000000748a00000, 0x0000000748a00000| Untracked 
|  55|0x0000000748c00000, 0x0000000748c00000, 0x0000000748e00000|  0%| F|  |TAMS 0x0000000748c00000, 0x0000000748c00000| Untracked 
|  56|0x0000000748e00000, 0x0000000748e00000, 0x0000000749000000|  0%| F|  |TAMS 0x0000000748e00000, 0x0000000748e00000| Untracked 
|  57|0x0000000749000000, 0x0000000749000000, 0x0000000749200000|  0%| F|  |TAMS 0x0000000749000000, 0x0000000749000000| Untracked 
|  58|0x0000000749200000, 0x0000000749200000, 0x0000000749400000|  0%| F|  |TAMS 0x0000000749200000, 0x0000000749200000| Untracked 
|  59|0x0000000749400000, 0x0000000749400000, 0x0000000749600000|  0%| F|  |TAMS 0x0000000749400000, 0x0000000749400000| Untracked 
|  60|0x0000000749600000, 0x0000000749600000, 0x0000000749800000|  0%| F|  |TAMS 0x0000000749600000, 0x0000000749600000| Untracked 
|  61|0x0000000749800000, 0x0000000749800000, 0x0000000749a00000|  0%| F|  |TAMS 0x0000000749800000, 0x0000000749800000| Untracked 
|  62|0x0000000749a00000, 0x0000000749a00000, 0x0000000749c00000|  0%| F|  |TAMS 0x0000000749a00000, 0x0000000749a00000| Untracked 
|  63|0x0000000749c00000, 0x0000000749c00000, 0x0000000749e00000|  0%| F|  |TAMS 0x0000000749c00000, 0x0000000749c00000| Untracked 
|  64|0x0000000749e00000, 0x0000000749e00000, 0x000000074a000000|  0%| F|  |TAMS 0x0000000749e00000, 0x0000000749e00000| Untracked 
|  65|0x000000074a000000, 0x000000074a000000, 0x000000074a200000|  0%| F|  |TAMS 0x000000074a000000, 0x000000074a000000| Untracked 
|  66|0x000000074a200000, 0x000000074a200000, 0x000000074a400000|  0%| F|  |TAMS 0x000000074a200000, 0x000000074a200000| Untracked 
|  67|0x000000074a400000, 0x000000074a400000, 0x000000074a600000|  0%| F|  |TAMS 0x000000074a400000, 0x000000074a400000| Untracked 
|  68|0x000000074a600000, 0x000000074a600000, 0x000000074a800000|  0%| F|  |TAMS 0x000000074a600000, 0x000000074a600000| Untracked 
|  69|0x000000074a800000, 0x000000074a800000, 0x000000074aa00000|  0%| F|  |TAMS 0x000000074a800000, 0x000000074a800000| Untracked 
|  70|0x000000074aa00000, 0x000000074aa00000, 0x000000074ac00000|  0%| F|  |TAMS 0x000000074aa00000, 0x000000074aa00000| Untracked 
|  71|0x000000074ac00000, 0x000000074ac00000, 0x000000074ae00000|  0%| F|  |TAMS 0x000000074ac00000, 0x000000074ac00000| Untracked 
|  72|0x000000074ae00000, 0x000000074ae00000, 0x000000074b000000|  0%| F|  |TAMS 0x000000074ae00000, 0x000000074ae00000| Untracked 
|  73|0x000000074b000000, 0x000000074b000000, 0x000000074b200000|  0%| F|  |TAMS 0x000000074b000000, 0x000000074b000000| Untracked 
|  74|0x000000074b200000, 0x000000074b200000, 0x000000074b400000|  0%| F|  |TAMS 0x000000074b200000, 0x000000074b200000| Untracked 
|  75|0x000000074b400000, 0x000000074b400000, 0x000000074b600000|  0%| F|  |TAMS 0x000000074b400000, 0x000000074b400000| Untracked 
|  76|0x000000074b600000, 0x000000074b600000, 0x000000074b800000|  0%| F|  |TAMS 0x000000074b600000, 0x000000074b600000| Untracked 
|  77|0x000000074b800000, 0x000000074b800000, 0x000000074ba00000|  0%| F|  |TAMS 0x000000074b800000, 0x000000074b800000| Untracked 
|  78|0x000000074ba00000, 0x000000074ba994f8, 0x000000074bc00000| 29%| S|CS|TAMS 0x000000074ba00000, 0x000000074ba00000| Complete 
|  79|0x000000074bc00000, 0x000000074be00000, 0x000000074be00000|100%| S|CS|TAMS 0x000000074bc00000, 0x000000074bc00000| Complete 
|  80|0x000000074be00000, 0x000000074be00000, 0x000000074c000000|  0%| F|  |TAMS 0x000000074be00000, 0x000000074be00000| Untracked 
|  81|0x000000074c000000, 0x000000074c000000, 0x000000074c200000|  0%| F|  |TAMS 0x000000074c000000, 0x000000074c000000| Untracked 
|  82|0x000000074c200000, 0x000000074c200000, 0x000000074c400000|  0%| F|  |TAMS 0x000000074c200000, 0x000000074c200000| Untracked 
|  83|0x000000074c400000, 0x000000074c400000, 0x000000074c600000|  0%| F|  |TAMS 0x000000074c400000, 0x000000074c400000| Untracked 
|  84|0x000000074c600000, 0x000000074c600000, 0x000000074c800000|  0%| F|  |TAMS 0x000000074c600000, 0x000000074c600000| Untracked 
|  85|0x000000074c800000, 0x000000074c96c690, 0x000000074ca00000| 71%| E|  |TAMS 0x000000074c800000, 0x000000074c800000| Complete 
|  86|0x000000074ca00000, 0x000000074cc00000, 0x000000074cc00000|100%| E|CS|TAMS 0x000000074ca00000, 0x000000074ca00000| Complete 
|  87|0x000000074cc00000, 0x000000074ce00000, 0x000000074ce00000|100%| E|CS|TAMS 0x000000074cc00000, 0x000000074cc00000| Complete 
|  88|0x000000074ce00000, 0x000000074d000000, 0x000000074d000000|100%| E|CS|TAMS 0x000000074ce00000, 0x000000074ce00000| Complete 
|  89|0x000000074d000000, 0x000000074d200000, 0x000000074d200000|100%| E|CS|TAMS 0x000000074d000000, 0x000000074d000000| Complete 
|  90|0x000000074d200000, 0x000000074d400000, 0x000000074d400000|100%| E|CS|TAMS 0x000000074d200000, 0x000000074d200000| Complete 
|  91|0x000000074d400000, 0x000000074d600000, 0x000000074d600000|100%| E|CS|TAMS 0x000000074d400000, 0x000000074d400000| Complete 
|  92|0x000000074d600000, 0x000000074d800000, 0x000000074d800000|100%| E|CS|TAMS 0x000000074d600000, 0x000000074d600000| Complete 
|  93|0x000000074d800000, 0x000000074da00000, 0x000000074da00000|100%| E|CS|TAMS 0x000000074d800000, 0x000000074d800000| Complete 
|  94|0x000000074da00000, 0x000000074dc00000, 0x000000074dc00000|100%| E|CS|TAMS 0x000000074da00000, 0x000000074da00000| Complete 
|  95|0x000000074dc00000, 0x000000074de00000, 0x000000074de00000|100%| E|CS|TAMS 0x000000074dc00000, 0x000000074dc00000| Complete 

Card table byte_map: [0x00000186c90f0000,0x00000186c96f0000] _byte_map_base: 0x00000186c56e1000

Marking Bits (Prev, Next): (CMBitMap*) 0x00000186bc0cb4d0, (CMBitMap*) 0x00000186bc0cb510
 Prev Bits: [0x00000186c9cf0000, 0x00000186ccc78000)
 Next Bits: [0x00000186ccc80000, 0x00000186cfc08000)

Polling page: 0x00000186bc270000

Metaspace:

Usage:
  Non-class:     14.97 MB used.
      Class:      2.30 MB used.
       Both:     17.28 MB used.

Virtual space:
  Non-class space:       16.00 MB reserved,      15.13 MB ( 95%) committed,  2 nodes.
      Class space:        1.00 GB reserved,       2.44 MB ( <1%) committed,  1 nodes.
             Both:        1.02 GB reserved,      17.56 MB (  2%) committed. 

Chunk freelists:
   Non-Class:  912.00 KB
       Class:  1.55 MB
        Both:  2.44 MB

MaxMetaspaceSize: unlimited
CompressedClassSpaceSize: 1.00 GB
Initial GC threshold: 21.00 MB
Current GC threshold: 21.00 MB
CDS: on
MetaspaceReclaimPolicy: balanced
 - commit_granule_bytes: 65536.
 - commit_granule_words: 8192.
 - virtual_space_node_default_size: 1048576.
 - enlarge_chunks_in_place: 1.
 - new_chunks_are_fully_committed: 0.
 - uncommit_free_chunks: 1.
 - use_allocation_guard: 0.
 - handle_deallocations: 1.


Internal statistics:

num_allocs_failed_limit: 0.
num_arena_births: 306.
num_arena_deaths: 0.
num_vsnodes_births: 3.
num_vsnodes_deaths: 0.
num_space_committed: 281.
num_space_uncommitted: 0.
num_chunks_returned_to_freelist: 0.
num_chunks_taken_from_freelist: 855.
num_chunk_merges: 0.
num_chunk_splits: 565.
num_chunks_enlarged: 413.
num_purges: 0.
num_inconsistent_stats: 0.

CodeCache: size=49152Kb used=5644Kb max_used=5644Kb free=43507Kb
 bounds [0x00000186c5210000, 0x00000186c57a0000, 0x00000186c8210000]
 total_blobs=2737 nmethods=2238 adapters=424
 compilation: enabled
              stopped_count=0, restarted_count=0
 full_count=0

Compilation events (20 events):
Event: 3.357 Thread 0x00000186d37bbab0 2222       1       org.springframework.util.StringUtils::replace (130 bytes)
Event: 3.358 Thread 0x00000186d37bbab0 nmethod 2222 0x00000186c578ae10 code [0x00000186c578b040, 0x00000186c578b658]
Event: 3.359 Thread 0x00000186d37bbab0 2223   !   1       jdk.proxy2.$Proxy10::annotationType (29 bytes)
Event: 3.359 Thread 0x00000186d37bbab0 nmethod 2223 0x00000186c578bb90 code [0x00000186c578bd40, 0x00000186c578bf58]
Event: 3.360 Thread 0x00000186d37bbab0 2224       1       jdk.internal.org.objectweb.asm.MethodWriter::putFrame (549 bytes)
Event: 3.360 Thread 0x00000186d26bae00 2225       1       jdk.internal.org.objectweb.asm.Frame::addInitializedType (77 bytes)
Event: 3.360 Thread 0x00000186d26bae00 nmethod 2225 0x00000186c578c090 code [0x00000186c578c240, 0x00000186c578c628]
Event: 3.361 Thread 0x00000186d26bae00 2226       1       java.util.StringJoiner::checkAddLength (50 bytes)
Event: 3.361 Thread 0x00000186d26bae00 nmethod 2226 0x00000186c578c790 code [0x00000186c578c940, 0x00000186c578cb08]
Event: 3.361 Thread 0x00000186d37bbab0 nmethod 2224 0x00000186c578cc90 code [0x00000186c578cfc0, 0x00000186c578dc38]
Event: 3.361 Thread 0x00000186d37bbab0 2228       1       java.lang.PublicMethods$MethodList::filter (104 bytes)
Event: 3.361 Thread 0x00000186d26bae00 2227       1       java.lang.Class::getMethodsRecursive (99 bytes)
Event: 3.362 Thread 0x00000186d26bae00 nmethod 2227 0x00000186c578e710 code [0x00000186c578e900, 0x00000186c578ec08]
Event: 3.362 Thread 0x00000186d37bbab0 nmethod 2228 0x00000186c578ee90 code [0x00000186c578f060, 0x00000186c578f538]
Event: 3.364 Thread 0x00000186d37bbab0 2229       1       java.io.ObjectInputStream$BlockDataInputStream::readByte (20 bytes)
Event: 3.364 Thread 0x00000186d26f1af0 2230       1       java.io.ObjectInputStream$BlockDataInputStream::read (62 bytes)
Event: 3.364 Thread 0x00000186d26bae00 2231       1       java.io.ObjectInputStream$PeekInputStream::read (47 bytes)
Event: 3.364 Thread 0x00000186d26bae00 nmethod 2231 0x00000186c578f890 code [0x00000186c578fa40, 0x00000186c578fba8]
Event: 3.364 Thread 0x00000186d37bbab0 nmethod 2229 0x00000186c578fc10 code [0x00000186c578fdc0, 0x00000186c578ff18]
Event: 3.364 Thread 0x00000186d37bbab0 2232       1       java.io.ObjectInputStream$PeekInputStream::peek (49 bytes)

GC Heap History (4 events):
Event: 1.654 GC heap before
{Heap before GC invocations=0 (full 0):
 garbage-first heap   total 196608K, used 22528K [0x0000000741e00000, 0x0000000800000000)
  region size 2048K, 11 young (22528K), 0 survivors (0K)
 Metaspace       used 7801K, committed 8000K, reserved 1056768K
  class space    used 998K, committed 1088K, reserved 1048576K
}
Event: 1.665 GC heap after
{Heap after GC invocations=1 (full 0):
 garbage-first heap   total 196608K, used 5079K [0x0000000741e00000, 0x0000000800000000)
  region size 2048K, 2 young (4096K), 2 survivors (4096K)
 Metaspace       used 7801K, committed 8000K, reserved 1056768K
  class space    used 998K, committed 1088K, reserved 1048576K
}
Event: 2.883 GC heap before
{Heap before GC invocations=1 (full 0):
 garbage-first heap   total 196608K, used 33751K [0x0000000741e00000, 0x0000000800000000)
  region size 2048K, 16 young (32768K), 2 survivors (4096K)
 Metaspace       used 13977K, committed 14272K, reserved 1064960K
  class space    used 1832K, committed 1984K, reserved 1048576K
}
Event: 2.892 GC heap after
{Heap after GC invocations=2 (full 0):
 garbage-first heap   total 196608K, used 7704K [0x0000000741e00000, 0x0000000800000000)
  region size 2048K, 2 young (4096K), 2 survivors (4096K)
 Metaspace       used 13977K, committed 14272K, reserved 1064960K
  class space    used 1832K, committed 1984K, reserved 1048576K
}

Deoptimization events (2 events):
Event: 2.877 Thread 0x00000186bc1aeb50 DEOPT PACKING pc=0x00000186c573fbf9 sp=0x0000006d2d0fd5d0
Event: 2.877 Thread 0x00000186bc1aeb50 DEOPT UNPACKING pc=0x00000186c5262b43 sp=0x0000006d2d0fcab0 mode 3

Classes unloaded (0 events):
No events

Classes redefined (0 events):
No events

Internal exceptions (20 events):
Event: 2.334 Thread 0x00000186bc1aeb50 Exception <a 'java/lang/NoSuchMethodError'{0x000000074d32bb28}: 'java.lang.Object java.lang.invoke.DirectMethodHandle$Holder.invokeStaticInit(java.lang.Object, java.lang.Object, long, java.lang.Object)'> (0x000000074d32bb28) 
thrown [s\open\src\hotspot\share\interpreter\linkResolver.cpp, line 759]
Event: 2.335 Thread 0x00000186bc1aeb50 Exception <a 'java/lang/NoSuchMethodError'{0x000000074d332138}: 'java.lang.Object java.lang.invoke.DirectMethodHandle$Holder.newInvokeSpecial(java.lang.Object, java.lang.Object, long)'> (0x000000074d332138) 
thrown [s\open\src\hotspot\share\interpreter\linkResolver.cpp, line 759]
Event: 2.346 Thread 0x00000186d3c45650 Exception <a 'java/lang/reflect/InvocationTargetException'{0x000000074d82d4b8}> (0x000000074d82d4b8) 
thrown [s\open\src\hotspot\share\runtime\reflection.cpp, line 1121]
Event: 2.360 Thread 0x00000186bc1aeb50 Exception <a 'java/lang/NoSuchMethodError'{0x000000074d37f6b8}: 'void java.lang.invoke.DirectMethodHandle$Holder.invokeVirtual(java.lang.Object, java.lang.Object, java.lang.Object, java.lang.Object)'> (0x000000074d37f6b8) 
thrown [s\open\src\hotspot\share\interpreter\linkResolver.cpp, line 759]
Event: 2.446 Thread 0x00000186bc1aeb50 Exception <a 'java/lang/NoSuchMethodError'{0x000000074d0fafb8}: 'void java.lang.invoke.DirectMethodHandle$Holder.invokeSpecial(java.lang.Object, java.lang.Object, java.lang.Object)'> (0x000000074d0fafb8) 
thrown [s\open\src\hotspot\share\interpreter\linkResolver.cpp, line 759]
Event: 2.447 Thread 0x00000186bc1aeb50 Exception <a 'java/lang/NoSuchMethodError'{0x000000074d101590}: 'void java.lang.invoke.DirectMethodHandle$Holder.invokeSpecial(java.lang.Object, java.lang.Object, java.lang.Object, java.lang.Object, java.lang.Object)'> (0x000000074d101590) 
thrown [s\open\src\hotspot\share\interpreter\linkResolver.cpp, line 759]
Event: 2.454 Thread 0x00000186bc1aeb50 Exception <a 'java/lang/IncompatibleClassChangeError'{0x000000074d12d758}: Found class java.lang.Object, but interface was expected> (0x000000074d12d758) 
thrown [s\open\src\hotspot\share\interpreter\linkResolver.cpp, line 826]
Event: 2.455 Thread 0x00000186d3d14860 Exception <a 'java/lang/NoClassDefFoundError'{0x000000074d1a7680}: jakarta/validation/Validation> (0x000000074d1a7680) 
thrown [s\open\src\hotspot\share\classfile\systemDictionary.cpp, line 245]
Event: 2.670 Thread 0x00000186bc1aeb50 Exception <a 'java/lang/NoSuchMethodError'{0x000000074c26efe8}: 'java.lang.Object java.lang.invoke.DirectMethodHandle$Holder.invokeStatic(java.lang.Object, int, java.lang.Object)'> (0x000000074c26efe8) 
thrown [s\open\src\hotspot\share\interpreter\linkResolver.cpp, line 759]
Event: 2.857 Thread 0x00000186d3c45650 Exception <a 'java/lang/reflect/InvocationTargetException'{0x000000074be84e20}> (0x000000074be84e20) 
thrown [s\open\src\hotspot\share\runtime\reflection.cpp, line 1121]
Event: 3.125 Thread 0x00000186bc1aeb50 Exception <a 'sun/nio/fs/WindowsException'{0x000000074d2c1f18}> (0x000000074d2c1f18) 
thrown [s\open\src\hotspot\share\prims\jni.cpp, line 516]
Event: 3.128 Thread 0x00000186bc1aeb50 Exception <a 'java/lang/NoSuchMethodError'{0x000000074d2c3740}: 'int java.lang.invoke.DirectMethodHandle$Holder.invokeSpecial(java.lang.Object, java.lang.Object, java.lang.Object, java.lang.Object, java.lang.Object)'> (0x000000074d2c3740) 
thrown [s\open\src\hotspot\share\interpreter\linkResolver.cpp, line 759]
Event: 3.131 Thread 0x00000186bc1aeb50 Exception <a 'java/lang/NoSuchMethodError'{0x000000074d2cc478}: 'void java.lang.invoke.DirectMethodHandle$Holder.invokeVirtual(java.lang.Object, java.lang.Object)'> (0x000000074d2cc478) 
thrown [s\open\src\hotspot\share\interpreter\linkResolver.cpp, line 759]
Event: 3.179 Thread 0x00000186d3d14860 Exception <a 'java/lang/NoSuchMethodError'{0x000000074d1696d0}: 'long java.lang.invoke.DirectMethodHandle$Holder.invokeSpecial(java.lang.Object, java.lang.Object)'> (0x000000074d1696d0) 
thrown [s\open\src\hotspot\share\interpreter\linkResolver.cpp, line 759]
Event: 3.181 Thread 0x00000186d3d14860 Exception <a 'java/lang/NoSuchMethodError'{0x000000074d1748f8}: 'long java.lang.invoke.DirectMethodHandle$Holder.invokeStatic(java.lang.Object, java.lang.Object)'> (0x000000074d1748f8) 
thrown [s\open\src\hotspot\share\interpreter\linkResolver.cpp, line 759]
Event: 3.182 Thread 0x00000186d3d14860 Exception <a 'java/lang/NoSuchMethodError'{0x000000074d177ef8}: 'long java.lang.invoke.DirectMethodHandle$Holder.invokeStaticInit(java.lang.Object, java.lang.Object)'> (0x000000074d177ef8) 
thrown [s\open\src\hotspot\share\interpreter\linkResolver.cpp, line 759]
Event: 3.185 Thread 0x00000186d3d14860 Exception <a 'java/lang/NoSuchMethodError'{0x000000074d185aa0}: 'long java.lang.invoke.DirectMethodHandle$Holder.invokeInterface(java.lang.Object, java.lang.Object)'> (0x000000074d185aa0) 
thrown [s\open\src\hotspot\share\interpreter\linkResolver.cpp, line 759]
Event: 3.185 Thread 0x00000186d3d14860 Exception <a 'java/lang/IncompatibleClassChangeError'{0x000000074d189030}: Found class java.lang.Object, but interface was expected> (0x000000074d189030) 
thrown [s\open\src\hotspot\share\interpreter\linkResolver.cpp, line 826]
Event: 3.210 Thread 0x00000186d3d14860 Exception <a 'java/lang/NoSuchMethodError'{0x000000074cf65720}: 'java.lang.Object java.lang.invoke.DirectMethodHandle$Holder.invokeVirtual(java.lang.Object, java.lang.Object, java.lang.Object, java.lang.Object)'> (0x000000074cf65720) 
thrown [s\open\src\hotspot\share\interpreter\linkResolver.cpp, line 759]
Event: 3.342 Thread 0x00000186bc1aeb50 Exception <a 'java/lang/IncompatibleClassChangeError'{0x000000074cbb1290}: Found class java.lang.Object, but interface was expected> (0x000000074cbb1290) 
thrown [s\open\src\hotspot\share\interpreter\linkResolver.cpp, line 826]

VM Operations (20 events):
Event: 1.653 Executing VM operation: G1CollectForAllocation
Event: 1.665 Executing VM operation: G1CollectForAllocation done
Event: 1.785 Executing VM operation: HandshakeAllThreads
Event: 1.785 Executing VM operation: HandshakeAllThreads done
Event: 2.148 Executing VM operation: HandshakeAllThreads
Event: 2.148 Executing VM operation: HandshakeAllThreads done
Event: 2.435 Executing VM operation: HandshakeAllThreads
Event: 2.435 Executing VM operation: HandshakeAllThreads done
Event: 2.442 Executing VM operation: HandshakeAllThreads
Event: 2.442 Executing VM operation: HandshakeAllThreads done
Event: 2.641 Executing VM operation: ICBufferFull
Event: 2.641 Executing VM operation: ICBufferFull done
Event: 2.883 Executing VM operation: G1CollectForAllocation
Event: 2.892 Executing VM operation: G1CollectForAllocation done
Event: 2.999 Executing VM operation: HandshakeAllThreads
Event: 2.999 Executing VM operation: HandshakeAllThreads done
Event: 3.078 Executing VM operation: HandshakeAllThreads
Event: 3.078 Executing VM operation: HandshakeAllThreads done
Event: 3.097 Executing VM operation: HandshakeAllThreads
Event: 3.097 Executing VM operation: HandshakeAllThreads done

Events (20 events):
Event: 3.133 loading class java/util/stream/SortedOps$AbstractRefSortingSink done
Event: 3.133 loading class java/util/stream/SortedOps$RefSortingSink done
Event: 3.136 loading class java/util/regex/Pattern$LazyLoop
Event: 3.136 loading class java/util/regex/Pattern$Loop
Event: 3.136 loading class java/util/regex/Pattern$Loop done
Event: 3.136 loading class java/util/regex/Pattern$LazyLoop done
Event: 3.136 loading class java/util/regex/Pattern$Prolog
Event: 3.136 loading class java/util/regex/Pattern$Prolog done
Event: 3.149 loading class java/lang/AssertionError
Event: 3.149 loading class java/lang/AssertionError done
Event: 3.165 loading class java/util/regex/Pattern$Pos
Event: 3.165 loading class java/util/regex/Pattern$Pos done
Event: 3.214 Thread 0x00000186d3d14860 Thread exited: 0x00000186d3d14860
Event: 3.269 Thread 0x00000186d3d14860 Thread added: 0x00000186d3d14860
Event: 3.284 loading class javax/naming/ldap/LdapContext
Event: 3.284 loading class javax/naming/directory/DirContext
Event: 3.284 loading class javax/naming/directory/DirContext done
Event: 3.284 loading class javax/naming/ldap/LdapContext done
Event: 3.311 Thread 0x00000186d3d14860 Thread exited: 0x00000186d3d14860
Event: 3.362 Thread 0x00000186d3d14860 Thread added: 0x00000186d3d14860


Dynamic libraries:
0x00007ff60c690000 - 0x00007ff60c6a0000 	C:\Program Files\Java\jdk-17.0.5\bin\java.exe
0x00007ffc9d400000 - 0x00007ffc9d5ee000 	C:\Windows\SYSTEM32\ntdll.dll
0x00007ffc9b730000 - 0x00007ffc9b7e3000 	C:\Windows\System32\KERNEL32.DLL
0x00007ffc9a190000 - 0x00007ffc9a42d000 	C:\Windows\System32\KERNELBASE.dll
0x00007ffc9a4d0000 - 0x00007ffc9a5ca000 	C:\Windows\System32\ucrtbase.dll
0x00007ffc81260000 - 0x00007ffc81278000 	C:\Program Files\Java\jdk-17.0.5\bin\jli.dll
0x00007ffc840f0000 - 0x00007ffc8410a000 	C:\Program Files\Java\jdk-17.0.5\bin\VCRUNTIME140.dll
0x00007ffc9b2c0000 - 0x00007ffc9b367000 	C:\Windows\System32\ADVAPI32.dll
0x00007ffc9b690000 - 0x00007ffc9b72e000 	C:\Windows\System32\msvcrt.dll
0x00007ffc9a630000 - 0x00007ffc9a6cf000 	C:\Windows\System32\sechost.dll
0x00007ffc9b570000 - 0x00007ffc9b68e000 	C:\Windows\System32\RPCRT4.dll
0x00007ffc9d1c0000 - 0x00007ffc9d357000 	C:\Windows\System32\USER32.dll
0x00007ffc87960000 - 0x00007ffc87bd9000 	C:\Windows\WinSxS\amd64_microsoft.windows.common-controls_6595b64144ccf1df_6.0.17763.4974_none_de748dce53484fa6\COMCTL32.dll
0x00007ffc9a100000 - 0x00007ffc9a120000 	C:\Windows\System32\win32u.dll
0x00007ffc9d3a0000 - 0x00007ffc9d3c9000 	C:\Windows\System32\GDI32.dll
0x00007ffc9a8b0000 - 0x00007ffc9abdb000 	C:\Windows\System32\combase.dll
0x00007ffc99480000 - 0x00007ffc9962b000 	C:\Windows\System32\gdi32full.dll
0x00007ffc998f0000 - 0x00007ffc99972000 	C:\Windows\System32\bcryptPrimitives.dll
0x00007ffc9a430000 - 0x00007ffc9a4d0000 	C:\Windows\System32\msvcp_win.dll
0x00007ffc8ba50000 - 0x00007ffc8ba5a000 	C:\Windows\SYSTEM32\VERSION.dll
0x00007ffc9d360000 - 0x00007ffc9d38e000 	C:\Windows\System32\IMM32.DLL
0x00007ffc85c30000 - 0x00007ffc85c3c000 	C:\Program Files\Java\jdk-17.0.5\bin\vcruntime140_1.dll
0x00007ffc60820000 - 0x00007ffc608ad000 	C:\Program Files\Java\jdk-17.0.5\bin\msvcp140.dll
0x00007ffc5ae20000 - 0x00007ffc5b9e2000 	C:\Program Files\Java\jdk-17.0.5\bin\server\jvm.dll
0x00007ffc9d390000 - 0x00007ffc9d398000 	C:\Windows\System32\PSAPI.DLL
0x00007ffc95320000 - 0x00007ffc95344000 	C:\Windows\SYSTEM32\WINMM.dll
0x00007ffc87470000 - 0x00007ffc87479000 	C:\Windows\SYSTEM32\WSOCK32.dll
0x00007ffc9d080000 - 0x00007ffc9d0ed000 	C:\Windows\System32\WS2_32.dll
0x00007ffc96010000 - 0x00007ffc9603d000 	C:\Windows\SYSTEM32\WINMMBASE.dll
0x00007ffc9a120000 - 0x00007ffc9a16a000 	C:\Windows\System32\cfgmgr32.dll
0x00007ffc993b0000 - 0x00007ffc993c1000 	C:\Windows\System32\kernel.appcore.dll
0x00007ffc840a0000 - 0x00007ffc840aa000 	C:\Program Files\Java\jdk-17.0.5\bin\jimage.dll
0x00007ffc97cf0000 - 0x00007ffc97edd000 	C:\Windows\SYSTEM32\DBGHELP.DLL
0x00007ffc809f0000 - 0x00007ffc80a1a000 	C:\Windows\SYSTEM32\dbgcore.DLL
0x00007ffc838a0000 - 0x00007ffc838ae000 	C:\Program Files\Java\jdk-17.0.5\bin\instrument.dll
0x00007ffc61f80000 - 0x00007ffc61fa5000 	C:\Program Files\Java\jdk-17.0.5\bin\java.dll
0x00007ffc5ad40000 - 0x00007ffc5ae16000 	C:\Program Files\Java\jdk-17.0.5\bin\jsvml.dll
0x00007ffc9b8a0000 - 0x00007ffc9cd98000 	C:\Windows\System32\SHELL32.dll
0x00007ffc9b7f0000 - 0x00007ffc9b897000 	C:\Windows\System32\shcore.dll
0x00007ffc99980000 - 0x00007ffc9a0c7000 	C:\Windows\System32\windows.storage.dll
0x00007ffc99450000 - 0x00007ffc99473000 	C:\Windows\System32\profapi.dll
0x00007ffc993d0000 - 0x00007ffc9942d000 	C:\Windows\System32\powrprof.dll
0x00007ffc9a6d0000 - 0x00007ffc9a722000 	C:\Windows\System32\shlwapi.dll
0x00007ffc9a170000 - 0x00007ffc9a18b000 	C:\Windows\System32\cryptsp.dll
0x00007ffc75a10000 - 0x00007ffc75a28000 	C:\Program Files\Java\jdk-17.0.5\bin\zip.dll
0x00007ffc80ab0000 - 0x00007ffc80ac9000 	C:\Program Files\Java\jdk-17.0.5\bin\net.dll
0x00007ffc93fa0000 - 0x00007ffc9409d000 	C:\Windows\SYSTEM32\WINHTTP.dll
0x00007ffc98c00000 - 0x00007ffc98c67000 	C:\Windows\system32\mswsock.dll
0x00007ffc7da80000 - 0x00007ffc7da96000 	C:\Program Files\Java\jdk-17.0.5\bin\nio.dll
0x00007ffc729a0000 - 0x00007ffc729ba000 	C:\Program Files\JetBrains\IntelliJ IDEA 2023.1\bin\breakgen64.dll
0x00007ffc98950000 - 0x00007ffc98a16000 	C:\Windows\SYSTEM32\DNSAPI.dll
0x00007ffc9b250000 - 0x00007ffc9b258000 	C:\Windows\System32\NSI.dll
0x00007ffc98910000 - 0x00007ffc9894d000 	C:\Windows\SYSTEM32\IPHLPAPI.DLL
0x00007ffc92620000 - 0x00007ffc9262a000 	C:\Windows\System32\rasadhlp.dll
0x00007ffc91560000 - 0x00007ffc915d9000 	C:\Windows\System32\fwpuclnt.dll
0x00007ffc9a0d0000 - 0x00007ffc9a0f6000 	C:\Windows\System32\bcrypt.dll
0x00007ffc81250000 - 0x00007ffc81259000 	C:\Program Files\Java\jdk-17.0.5\bin\management.dll
0x00007ffc81220000 - 0x00007ffc8122b000 	C:\Program Files\Java\jdk-17.0.5\bin\management_ext.dll
0x00007ffc98780000 - 0x00007ffc987b3000 	C:\Windows\system32\rsaenh.dll
0x00007ffc992e0000 - 0x00007ffc99309000 	C:\Windows\SYSTEM32\USERENV.dll
0x00007ffc98dd0000 - 0x00007ffc98ddc000 	C:\Windows\SYSTEM32\CRYPTBASE.dll
0x00007ffc93390000 - 0x00007ffc933a6000 	C:\Windows\SYSTEM32\dhcpcsvc6.DLL
0x00007ffc93300000 - 0x00007ffc9331c000 	C:\Windows\SYSTEM32\dhcpcsvc.DLL
0x00007ffc945c0000 - 0x00007ffc945d6000 	C:\Windows\system32\napinsp.dll
0x00007ffc91250000 - 0x00007ffc9126a000 	C:\Windows\system32\pnrpnsp.dll
0x00007ffc945b0000 - 0x00007ffc945be000 	C:\Windows\System32\winrnr.dll
0x00007ffc95f30000 - 0x00007ffc95f4b000 	C:\Windows\system32\NLAapi.dll
0x00007ffc926d0000 - 0x00007ffc926e5000 	C:\Windows\system32\wshbth.dll

dbghelp: loaded successfully - version: 4.0.5 - missing functions: none
symbol engine: initialized successfully - sym options: 0x614 - pdb path: .;C:\Program Files\Java\jdk-17.0.5\bin;C:\Windows\SYSTEM32;C:\Windows\WinSxS\amd64_microsoft.windows.common-controls_6595b64144ccf1df_6.0.17763.4974_none_de748dce53484fa6;C:\Program Files\Java\jdk-17.0.5\bin\server;C:\Program Files\JetBrains\IntelliJ IDEA 2023.1\bin

VM Arguments:
jvm_args: -XX:TieredStopAtLevel=1 -Dspring.output.ansi.enabled=always -Dcom.sun.management.jmxremote -Dspring.jmx.enabled=true -Dspring.liveBeansView.mbeanDomain -Dspring.application.admin.enabled=true -Dmanagement.endpoints.jmx.exposure.include=* -javaagent:C:\Program Files\JetBrains\IntelliJ IDEA 2023.1\lib\idea_rt.jar=60603:C:\Program Files\JetBrains\IntelliJ IDEA 2023.1\bin -Dfile.encoding=windows-1251 
java_command: web.TspApplication
java_class_path (initial): G:\My Drive\Диплом магістра\TSP-WEB\target\classes;C:\Users\Admin\.m2\repository\org\springframework\boot\spring-boot-starter-web\3.1.4\spring-boot-starter-web-3.1.4.jar;C:\Users\Admin\.m2\repository\org\springframework\boot\spring-boot-starter\3.1.4\spring-boot-starter-3.1.4.jar;C:\Users\Admin\.m2\repository\org\springframework\boot\spring-boot\3.1.4\spring-boot-3.1.4.jar;C:\Users\Admin\.m2\repository\org\springframework\boot\spring-boot-autoconfigure\3.1.4\spring-boot-autoconfigure-3.1.4.jar;C:\Users\Admin\.m2\repository\org\springframework\boot\spring-boot-starter-logging\3.1.4\spring-boot-starter-logging-3.1.4.jar;C:\Users\Admin\.m2\repository\ch\qos\logback\logback-classic\1.4.11\logback-classic-1.4.11.jar;C:\Users\Admin\.m2\repository\ch\qos\logback\logback-core\1.4.11\logback-core-1.4.11.jar;C:\Users\Admin\.m2\repository\org\apache\logging\log4j\log4j-to-slf4j\2.20.0\log4j-to-slf4j-2.20.0.jar;C:\Users\Admin\.m2\repository\org\apache\logging\log4j\log4j-api\2.20.0\log4j-api-2.20.0.jar;C:\Users\Admin\.m2\repository\org\slf4j\jul-to-slf4j\2.0.9\jul-to-slf4j-2.0.9.jar;C:\Users\Admin\.m2\repository\jakarta\annotation\jakarta.annotation-api\2.1.1\jakarta.annotation-api-2.1.1.jar;C:\Users\Admin\.m2\repository\org\springframework\boot\spring-boot-starter-json\3.1.4\spring-boot-starter-json-3.1.4.jar;C:\Users\Admin\.m2\repository\com\fasterxml\jackson\core\jackson-databind\2.15.2\jackson-databind-2.15.2.jar;C:\Users\Admin\.m2\repository\com\fasterxml\jackson\core\jackson-annotations\2.15.2\jackson-annotations-2.15.2.jar;C:\Users\Admin\.m2\repository\com\fasterxml\jackson\core\jackson-core\2.15.2\jackson-core-2.15.2.jar;C:\Users\Admin\.m2\repository\com\fasterxml\jackson\datatype\jackson-datatype-jdk8\2.15.2\jackson-datatype-jdk8-2.15.2.jar;C:\Users\Admin\.m2\repository\com\fasterxml\jackson\datatype\jackson-datatype-jsr310\2.15.2\jackson-datatype-jsr310-2.15.2.jar;C:\Users\Admin\.m2\repository\com\fasterxml\jackson\module\jackson-module-pa
Launcher Type: SUN_STANDARD

[Global flags]
     intx CICompilerCount                          = 4                                         {product} {ergonomic}
     uint ConcGCThreads                            = 2                                         {product} {ergonomic}
     uint G1ConcRefinementThreads                  = 8                                         {product} {ergonomic}
   size_t G1HeapRegionSize                         = 2097152                                   {product} {ergonomic}
    uintx GCDrainStackTargetSize                   = 64                                        {product} {ergonomic}
   size_t InitialHeapSize                          = 201326592                                 {product} {ergonomic}
     bool ManagementServer                         = true                                      {product} {command line}
   size_t MarkStackSize                            = 4194304                                   {product} {ergonomic}
   size_t MaxHeapSize                              = 3189768192                                {product} {ergonomic}
   size_t MaxNewSize                               = 1912602624                                {product} {ergonomic}
   size_t MinHeapDeltaBytes                        = 2097152                                   {product} {ergonomic}
   size_t MinHeapSize                              = 8388608                                   {product} {ergonomic}
    uintx NonProfiledCodeHeapSize                  = 0                                      {pd product} {ergonomic}
     bool ProfileInterpreter                       = false                                  {pd product} {command line}
    uintx ProfiledCodeHeapSize                     = 0                                      {pd product} {ergonomic}
   size_t SoftMaxHeapSize                          = 3189768192                             {manageable} {ergonomic}
     intx TieredStopAtLevel                        = 1                                         {product} {command line}
     bool UseCompressedClassPointers               = true                           {product lp64_product} {ergonomic}
     bool UseCompressedOops                        = true                           {product lp64_product} {ergonomic}
     bool UseG1GC                                  = true                                      {product} {ergonomic}
     bool UseLargePagesIndividualAllocation        = false                                  {pd product} {ergonomic}

Logging:
Log output configuration:
 #0: stdout all=warning uptime,level,tags
 #1: stderr all=off uptime,level,tags

Environment Variables:
JAVA_HOME=c:\Program Files\Java\jdk-17.0.5\bin
PATH=C:\Python311\Scripts\;C:\Python311\;C:\Program Files (x86)\NVIDIA Corporation\PhysX\Common;c:\Program Files\Java\jdk-17.0.5\bin;C:\Program Files\Common Files\Oracle\Java\javapath;C:\Program Files (x86)\Common Files\Oracle\Java\javapath;C:\Windows\system32;C:\Windows;C:\Windows\System32\Wbem;C:\Windows\System32\WindowsPowerShell\v1.0\;C:\Program Files\dotnet\;C:\Program Files\Microsoft SQL Server\130\Tools\Binn\;C:\Program Files\Microsoft SQL Server\Client SDK\ODBC\170\Tools\Binn\;C:\ProgramData\chocolatey\bin;C:\Program Files\nodejs\;C:\Program Files\Calibre2\;c:\Program Files\Java\jdk-17.0.5\bin;C:\Users\Admin\AppData\Local\Microsoft\WindowsApps;C:\Program Files\JetBrains\IntelliJ IDEA Community Edition 2022.1.1\bin;;C:\Program Files\JetBrains\IntelliJ IDEA 2023.1\bin;;C:\Users\Admin\.dotnet\tools;C:\Users\Admin\AppData\Roaming\npm
USERNAME=Admin
OS=Windows_NT
PROCESSOR_IDENTIFIER=Intel64 Family 6 Model 142 Stepping 10, GenuineIntel



---------------  S Y S T E M  ---------------

OS:
 Windows 10 , 64 bit Build 17763 (10.0.17763.4974)
OS uptime: 7 days 23:53 hours

CPU: total 8 (initial active 8) (4 cores per cpu, 2 threads per core) family 6 model 142 stepping 10 microcode 0xe0, cx8, cmov, fxsr, ht, mmx, 3dnowpref, sse, sse2, sse3, ssse3, sse4.1, sse4.2, popcnt, lzcnt, tsc, tscinvbit, avx, avx2, aes, erms, clmul, bmi1, bmi2, adx, fma, vzeroupper, clflush, clflushopt

Memory: 4k page, system-wide physical 12166M (2104M free)
TotalPageFile size 16262M (AvailPageFile size 332M)
current process WorkingSet (physical memory assigned to process): 105M, peak: 105M
current process commit charge ("private bytes"): 304M, peak: 304M

vm_info: Java HotSpot(TM) 64-Bit Server VM (17.0.5+9-LTS-191) for windows-amd64 JRE (17.0.5+9-LTS-191), built on Sep 13 2022 17:31:43 by "mach5one" with MS VC++ 16.8 / 16.9 (VS2019)

END.
